0 info it worked if it ends with ok
1 verbose cli [ 'C:\\Program Files\\nodejs\\node.exe',
1 verbose cli   'C:\\Program Files\\nodejs\\node_modules\\npm\\bin\\npm-cli.js',
1 verbose cli   'i',
1 verbose cli   '-d',
1 verbose cli   'webpack',
1 verbose cli   'wabpack-cli' ]
2 info using npm@2.15.9
3 info using node@v4.6.0
4 verbose install initial load of C:\Users\Vasiliy\WebstormProjects\webpack-test\package.json
5 warn package.json y@1.0.0 No description
6 warn package.json y@1.0.0 No repository field.
7 warn package.json y@1.0.0 No README data
8 verbose readDependencies loading dependencies from C:\Users\Vasiliy\WebstormProjects\webpack-test\package.json
9 silly cache add args [ 'webpack', null ]
10 verbose cache add spec webpack
11 silly cache add args [ 'wabpack-cli', null ]
12 verbose cache add spec wabpack-cli
13 silly cache add parsed spec Result {
13 silly cache add   raw: 'webpack',
13 silly cache add   scope: null,
13 silly cache add   name: 'webpack',
13 silly cache add   rawSpec: '',
13 silly cache add   spec: 'latest',
13 silly cache add   type: 'tag' }
14 silly addNamed webpack@latest
15 verbose addNamed "latest" is being treated as a dist-tag for webpack
16 info addNameTag [ 'webpack', 'latest' ]
17 silly mapToRegistry name webpack
18 silly mapToRegistry using default registry
19 silly mapToRegistry registry https://registry.npmjs.org/
20 silly mapToRegistry data Result {
20 silly mapToRegistry   raw: 'webpack',
20 silly mapToRegistry   scope: null,
20 silly mapToRegistry   name: 'webpack',
20 silly mapToRegistry   rawSpec: '',
20 silly mapToRegistry   spec: 'latest',
20 silly mapToRegistry   type: 'tag' }
21 silly mapToRegistry uri https://registry.npmjs.org/webpack
22 verbose addNameTag registry:https://registry.npmjs.org/webpack not in flight; fetching
23 silly cache add parsed spec Result {
23 silly cache add   raw: 'wabpack-cli',
23 silly cache add   scope: null,
23 silly cache add   name: 'wabpack-cli',
23 silly cache add   rawSpec: '',
23 silly cache add   spec: 'latest',
23 silly cache add   type: 'tag' }
24 silly addNamed wabpack-cli@latest
25 verbose addNamed "latest" is being treated as a dist-tag for wabpack-cli
26 info addNameTag [ 'wabpack-cli', 'latest' ]
27 silly mapToRegistry name wabpack-cli
28 silly mapToRegistry using default registry
29 silly mapToRegistry registry https://registry.npmjs.org/
30 silly mapToRegistry data Result {
30 silly mapToRegistry   raw: 'wabpack-cli',
30 silly mapToRegistry   scope: null,
30 silly mapToRegistry   name: 'wabpack-cli',
30 silly mapToRegistry   rawSpec: '',
30 silly mapToRegistry   spec: 'latest',
30 silly mapToRegistry   type: 'tag' }
31 silly mapToRegistry uri https://registry.npmjs.org/wabpack-cli
32 verbose addNameTag registry:https://registry.npmjs.org/wabpack-cli not in flight; fetching
33 verbose request uri https://registry.npmjs.org/wabpack-cli
34 verbose request no auth needed
35 info attempt registry request try #1 at 15:37:41
36 verbose request id 7d04e64644885a2e
37 http request GET https://registry.npmjs.org/wabpack-cli
38 verbose request uri https://registry.npmjs.org/webpack
39 verbose request no auth needed
40 info attempt registry request try #1 at 15:37:41
41 verbose etag W/"59a31c62-103d44"
42 verbose lastModified Sun, 27 Aug 2017 19:24:18 GMT
43 http request GET https://registry.npmjs.org/webpack
44 http 200 https://registry.npmjs.org/webpack
45 verbose headers { date: 'Mon, 26 Aug 2019 12:37:41 GMT',
45 verbose headers   'content-type': 'application/json',
45 verbose headers   'transfer-encoding': 'chunked',
45 verbose headers   connection: 'keep-alive',
45 verbose headers   'set-cookie': [ '__cfduid=dfaafb76f9334d6741608ce742a7ca9351566823061; expires=Tue, 25-Aug-20 12:37:41 GMT; path=/; domain=.npmjs.org; HttpOnly' ],
45 verbose headers   'cf-cache-status': 'HIT',
45 verbose headers   'cache-control': 'max-age=300',
45 verbose headers   'cf-ray': '50c5dbc86dbf97f0-FRA',
45 verbose headers   age: '4135',
45 verbose headers   etag: 'W/"b967628912a0fe0588c3f338aa927c11"',
45 verbose headers   'expect-ct': 'max-age=604800, report-uri="https://report-uri.cloudflare.com/cdn-cgi/beacon/expect-ct"',
45 verbose headers   'last-modified': 'Fri, 23 Aug 2019 13:18:59 GMT',
45 verbose headers   vary: 'accept-encoding, accept',
45 verbose headers   'x-amz-meta-rev': '1609-dd8219f2f274739faad91e0f403558eb',
45 verbose headers   server: 'cloudflare',
45 verbose headers   'content-encoding': 'gzip' }
46 silly get cb [ 200,
46 silly get   { date: 'Mon, 26 Aug 2019 12:37:41 GMT',
46 silly get     'content-type': 'application/json',
46 silly get     'transfer-encoding': 'chunked',
46 silly get     connection: 'keep-alive',
46 silly get     'set-cookie': [ '__cfduid=dfaafb76f9334d6741608ce742a7ca9351566823061; expires=Tue, 25-Aug-20 12:37:41 GMT; path=/; domain=.npmjs.org; HttpOnly' ],
46 silly get     'cf-cache-status': 'HIT',
46 silly get     'cache-control': 'max-age=300',
46 silly get     'cf-ray': '50c5dbc86dbf97f0-FRA',
46 silly get     age: '4135',
46 silly get     etag: 'W/"b967628912a0fe0588c3f338aa927c11"',
46 silly get     'expect-ct': 'max-age=604800, report-uri="https://report-uri.cloudflare.com/cdn-cgi/beacon/expect-ct"',
46 silly get     'last-modified': 'Fri, 23 Aug 2019 13:18:59 GMT',
46 silly get     vary: 'accept-encoding, accept',
46 silly get     'x-amz-meta-rev': '1609-dd8219f2f274739faad91e0f403558eb',
46 silly get     server: 'cloudflare',
46 silly get     'content-encoding': 'gzip' } ]
47 verbose get saving webpack to C:\Users\Vasiliy\AppData\Roaming\npm-cache\registry.npmjs.org\webpack\.cache.json
48 verbose correctMkdir C:\Users\Vasiliy\AppData\Roaming\npm-cache correctMkdir not in flight; initializing
49 http 404 https://registry.npmjs.org/wabpack-cli
50 verbose headers { date: 'Mon, 26 Aug 2019 12:37:42 GMT',
50 verbose headers   'content-type': 'application/json',
50 verbose headers   'content-length': '21',
50 verbose headers   connection: 'keep-alive',
50 verbose headers   'set-cookie': [ '__cfduid=d689ad932e1a9313247f76eb6c4309af71566823061; expires=Tue, 25-Aug-20 12:37:41 GMT; path=/; domain=.npmjs.org; HttpOnly' ],
50 verbose headers   'cf-cache-status': 'MISS',
50 verbose headers   'cache-control': 'max-age=300',
50 verbose headers   'cf-ray': '50c5dbc83d44dfff-FRA',
50 verbose headers   'expect-ct': 'max-age=604800, report-uri="https://report-uri.cloudflare.com/cdn-cgi/beacon/expect-ct"',
50 verbose headers   vary: 'accept-encoding, accept',
50 verbose headers   server: 'cloudflare' }
51 silly get cb [ 404,
51 silly get   { date: 'Mon, 26 Aug 2019 12:37:42 GMT',
51 silly get     'content-type': 'application/json',
51 silly get     'content-length': '21',
51 silly get     connection: 'keep-alive',
51 silly get     'set-cookie': [ '__cfduid=d689ad932e1a9313247f76eb6c4309af71566823061; expires=Tue, 25-Aug-20 12:37:41 GMT; path=/; domain=.npmjs.org; HttpOnly' ],
51 silly get     'cf-cache-status': 'MISS',
51 silly get     'cache-control': 'max-age=300',
51 silly get     'cf-ray': '50c5dbc83d44dfff-FRA',
51 silly get     'expect-ct': 'max-age=604800, report-uri="https://report-uri.cloudflare.com/cdn-cgi/beacon/expect-ct"',
51 silly get     vary: 'accept-encoding, accept',
51 silly get     server: 'cloudflare' } ]
52 silly addNameTag next cb for webpack with tag latest
53 silly addNamed webpack@4.39.2
54 verbose addNamed "4.39.2" is a plain semver version for webpack
55 silly mapToRegistry name webpack
56 silly mapToRegistry using default registry
57 silly mapToRegistry registry https://registry.npmjs.org/
58 silly mapToRegistry data Result {
58 silly mapToRegistry   raw: 'webpack',
58 silly mapToRegistry   scope: null,
58 silly mapToRegistry   name: 'webpack',
58 silly mapToRegistry   rawSpec: '',
58 silly mapToRegistry   spec: 'latest',
58 silly mapToRegistry   type: 'tag' }
59 silly mapToRegistry uri https://registry.npmjs.org/webpack
60 verbose addRemoteTarball https://registry.npmjs.org/webpack/-/webpack-4.39.2.tgz not in flight; adding
61 verbose addRemoteTarball [ 'https://registry.npmjs.org/webpack/-/webpack-4.39.2.tgz',
61 verbose addRemoteTarball   'c9aa5c1776d7c309d1b3911764f0288c8c2816aa' ]
62 info retry fetch attempt 1 at 15:37:42
63 info attempt registry request try #1 at 15:37:42
64 http fetch GET https://registry.npmjs.org/webpack/-/webpack-4.39.2.tgz
65 http fetch 200 https://registry.npmjs.org/webpack/-/webpack-4.39.2.tgz
66 silly fetchAndShaCheck shasum c9aa5c1776d7c309d1b3911764f0288c8c2816aa
67 verbose addTmpTarball C:\Users\Vasiliy\AppData\Local\Temp\npm-19172-73cd6756\registry.npmjs.org\webpack\-\webpack-4.39.2.tgz not in flight; adding
68 verbose addTmpTarball already have metadata; skipping unpack for webpack@4.39.2
69 verbose correctMkdir C:\Users\Vasiliy\AppData\Roaming\npm-cache correctMkdir not in flight; initializing
70 silly cache afterAdd webpack@4.39.2
71 verbose afterAdd C:\Users\Vasiliy\AppData\Roaming\npm-cache\webpack\4.39.2\package\package.json not in flight; writing
72 verbose correctMkdir C:\Users\Vasiliy\AppData\Roaming\npm-cache correctMkdir not in flight; initializing
73 verbose afterAdd C:\Users\Vasiliy\AppData\Roaming\npm-cache\webpack\4.39.2\package\package.json written
74 verbose stack Error: Not found : wabpack-cli
74 verbose stack     at makeError (C:\Users\Vasiliy\AppData\Roaming\nvm\v4.6.0\node_modules\npm\node_modules\npm-registry-client\lib\request.js:264:12)
74 verbose stack     at CachingRegistryClient.<anonymous> (C:\Users\Vasiliy\AppData\Roaming\nvm\v4.6.0\node_modules\npm\node_modules\npm-registry-client\lib\request.js:252:14)
74 verbose stack     at Request._callback (C:\Users\Vasiliy\AppData\Roaming\nvm\v4.6.0\node_modules\npm\node_modules\npm-registry-client\lib\request.js:172:14)
74 verbose stack     at Request.self.callback (C:\Users\Vasiliy\AppData\Roaming\nvm\v4.6.0\node_modules\npm\node_modules\request\request.js:200:22)
74 verbose stack     at emitTwo (events.js:87:13)
74 verbose stack     at Request.emit (events.js:172:7)
74 verbose stack     at Request.<anonymous> (C:\Users\Vasiliy\AppData\Roaming\nvm\v4.6.0\node_modules\npm\node_modules\request\request.js:1067:10)
74 verbose stack     at emitOne (events.js:82:20)
74 verbose stack     at Request.emit (events.js:169:7)
74 verbose stack     at IncomingMessage.<anonymous> (C:\Users\Vasiliy\AppData\Roaming\nvm\v4.6.0\node_modules\npm\node_modules\request\request.js:988:12)
75 verbose statusCode 404
76 verbose pkgid wabpack-cli
77 verbose cwd C:\Users\Vasiliy\WebstormProjects\webpack-test
78 error Windows_NT 10.0.17134
79 error argv "C:\\Program Files\\nodejs\\node.exe" "C:\\Program Files\\nodejs\\node_modules\\npm\\bin\\npm-cli.js" "i" "-d" "webpack" "wabpack-cli"
80 error node v4.6.0
81 error npm  v2.15.9
82 error code E404
83 error 404 Not found : wabpack-cli
83 error 404
83 error 404 'wabpack-cli' is not in the npm registry.
83 error 404 You should bug the author to publish it (or use the name yourself!)
83 error 404 It was specified as a dependency of 'y'
83 error 404
83 error 404 Note that you can also install from a
83 error 404 tarball, folder, http url, or git url.
84 verbose exit [ 1, true ]
